[2015-07-04 16:44:32] START
[2015-07-04 16:45:00] CREATE plugin_rload.py: 0
[2015-07-04 16:45:30] EDIT web2py_RLOAD/models/plugin_rload.py: 57
[2015-07-04 16:45:46] EDIT web2py_RLOAD/models/plugin_rload.py: 0
[2015-07-04 16:47:31] EDIT web2py_RLOAD/views/default/index.html: -28
[2015-07-04 16:49:00] CREATE plugin_rload/test.jsx: 0
[2015-07-04 16:49:23] EDIT web2py_RLOAD/views/plugin_rload/test.jsx: 48
[2015-07-04 16:50:29] EDIT web2py_RLOAD/controllers/default.py: 0
[2015-07-04 16:51:08] EDIT web2py_RLOAD/controllers/default.py: 0
[2015-07-04 16:51:43] EDIT web2py_RLOAD/controllers/default.py: 0
[2015-07-04 16:52:11] CREATE default/index.jsx: 0
[2015-07-04 16:52:36] DELETE web2py_RLOAD/views/plugin_rload/test.jsx: -48
[2015-07-04 16:52:51] EDIT web2py_RLOAD/views/default/index.jsx: 48
[2015-07-04 16:53:39] EDIT web2py_RLOAD/controllers/default.py: 1
[2015-07-04 16:53:43] EDIT web2py_RLOAD/controllers/default.py: 0
[2015-07-04 16:54:11] EDIT web2py_RLOAD/controllers/default.py: 0
[2015-07-04 16:54:50] EDIT web2py_RLOAD/views/default/index.html: 0
[2015-07-04 16:55:39] EDIT web2py_RLOAD/controllers/default.py: 0
[2015-07-04 16:55:58] EDIT web2py_RLOAD/models/plugin_rload.py: 0
[2015-07-04 16:58:00] EDIT web2py_RLOAD/models/plugin_rload.py: -1
[2015-07-04 16:58:50] EDIT web2py_RLOAD/views/default/index.html: 0
[2015-07-04 16:59:54] EDIT web2py_RLOAD/controllers/default.py: 0
[2015-07-04 16:59:54] EDIT web2py_RLOAD/controllers/default.py: 0
[2015-07-04 17:00:22] EDIT web2py_RLOAD/controllers/default.py: 1
[2015-07-04 17:00:26] EDIT web2py_RLOAD/controllers/default.py: -1
[2015-07-04 17:01:04] EDIT web2py_RLOAD/controllers/default.py: 0
[2015-07-04 17:01:10] EDIT web2py_RLOAD/controllers/default.py: 0
